[13:37:10] [modloading-worker-0/INFO] ========================================
[13:37:10] [modloading-worker-0/INFO] Minecraft: 1.20.1
[13:37:10] [modloading-worker-0/INFO] Side: server
[13:37:10] [modloading-worker-0/INFO] Development: false
[13:37:10] [modloading-worker-0/INFO] Version: 12.1.785
[13:37:10] [modloading-worker-0/INFO] Loader:
[13:37:10] [modloading-worker-0/INFO] - Forge: 47.4.10
[13:37:10] [modloading-worker-0/INFO] Dependencies:
[13:37:10] [modloading-worker-0/INFO] - Cloth Config: 11.1.136
[13:37:10] [modloading-worker-0/INFO] - Architectury: 9.2.14
[13:37:10] [modloading-worker-0/INFO] Mixin: 0.8.5
[13:37:10] [modloading-worker-0/INFO] OS: Linux 6.8.0-1030-azure (amd64)
[13:37:10] [modloading-worker-0/INFO] Java: 17.0.18 (Ubuntu)
[13:37:10] [modloading-worker-0/INFO] ========================================
[13:37:10] [modloading-worker-0/INFO] Mods:
[13:37:10] [modloading-worker-0/INFO] - aaa_particles: 1.20.1-1.4.10
[13:37:10] [modloading-worker-0/INFO] - accessories: 1.0.0-beta44+1.20.1
[13:37:10] [modloading-worker-0/INFO] - advancementplaques: 1.6.7
[13:37:10] [modloading-worker-0/INFO] - aerlunerpg: 1.0.0
[13:37:10] [modloading-worker-0/INFO] - aether: 1.20.1-1.5.2-neoforge
[13:37:10] [modloading-worker-0/INFO] - agree: 3.2.6-1.20.1-Forge
[13:37:10] [modloading-worker-0/INFO] - alexscaves: 2.0.2
[13:37:10] [modloading-worker-0/INFO] - alexsmobs: 1.22.9
[13:37:10] [modloading-worker-0/INFO] - alloy_smelter: 1.2.1
[13:37:10] [modloading-worker-0/INFO] - animal_feeding_trough: 1.1.0+1.20.1-forge
[13:37:11] [modloading-worker-0/INFO] - architectury: 9.2.14
[13:37:11] [modloading-worker-0/INFO] - arkane_domains: 1.2.1
[13:37:11] [modloading-worker-0/INFO] - ars_nouveau: 4.12.7
[13:37:11] [modloading-worker-0/INFO] - astemirlib: 1.25
[13:37:11] [modloading-worker-0/INFO] - astral_dimension: 1.7.2
[13:37:11] [modloading-worker-0/INFO] - attributecore: 1.0.4
[13:37:11] [modloading-worker-0/INFO] - avw: 2.2
[13:37:11] [modloading-worker-0/INFO] - azurelib: 2.0.41
[13:37:11] [modloading-worker-0/INFO] - balm: 7.3.11
[13:37:11] [modloading-worker-0/INFO] - betterfpsdist: 1.20.1-6.0
[13:37:11] [modloading-worker-0/INFO] - bettermcdonaldsmod: 1.20.1-3.1.0
[13:37:11] [modloading-worker-0/INFO] - betterthirdperson: 1.9.0
[13:37:11] [modloading-worker-0/INFO] - betterxpbottles: 1.5-1.20.1
[13:37:11] [modloading-worker-0/INFO] - beyonddimensions: 1.20.1-forge-0.4.21
[13:37:11] [modloading-worker-0/INFO] - blue_skies: 1.3.31
[13:37:11] [modloading-worker-0/INFO] - blueprint: 7.1.3
[13:37:11] [modloading-worker-0/INFO] - boss_checklist: 3.4.0
[13:37:11] [modloading-worker-0/INFO] - brewery: 1.1.9
[13:37:11] [modloading-worker-0/INFO] - brutalmobs: 1.2.4
[13:37:11] [modloading-worker-0/INFO] - caelus: 3.2.0+1.20.1
[13:37:11] [modloading-worker-0/INFO] - call_of_yucutan: 1.0.13
[13:37:11] [modloading-worker-0/INFO] - canary: 0.3.3
[13:37:11] [modloading-worker-0/INFO] - cataclysm: 2.39
[13:37:11] [modloading-worker-0/INFO] - charmofundying: 6.5.0+1.20.1
[13:37:11] [modloading-worker-0/INFO] - chimes: 2.0.1
[13:37:11] [modloading-worker-0/INFO] - chocobos: 1.1
[13:37:11] [modloading-worker-0/INFO] - chunky: 1.3.146
[13:37:11] [modloading-worker-0/INFO] - citadel: 2.6.0
[13:37:11] [modloading-worker-0/INFO] - cloth_config: 11.1.136
[13:37:11] [modloading-worker-0/INFO] - clumps: 12.0.0.4
[13:37:11] [modloading-worker-0/INFO] - collective: 7.87
[13:37:11] [modloading-worker-0/INFO] - commonnetworking: 1.0.5-1.20.1
[13:37:11] [modloading-worker-0/INFO] - conditional_mixin: 0.6.2
[13:37:11] [modloading-worker-0/INFO] - corgilib: 4.0.3.3
[13:37:11] [modloading-worker-0/INFO] - cos_mc: 1.0.0
[13:37:11] [modloading-worker-0/INFO] - cpapireforged: 1.0.2
[13:37:11] [modloading-worker-0/INFO] - create: 0.5.1.j
[13:37:11] [modloading-worker-0/INFO] - cryptic_registry: 2.0.0-beta.11
[13:37:11] [modloading-worker-0/INFO] - ctov: 3.4.11
[13:37:11] [modloading-worker-0/INFO] - culinaryconstruct: 5.2.1+1.20.1
[13:37:11] [modloading-worker-0/INFO] - cumulus_menus: 1.20.1-1.0.1-neoforge
[13:37:11] [modloading-worker-0/INFO] - cupboard: 1.20.1-2.7
[13:37:11] [modloading-worker-0/INFO] - curios: 5.11.1+1.20.1
[13:37:11] [modloading-worker-0/INFO] - curiouslanterns: 1.20.1-1.3.3
[13:37:11] [modloading-worker-0/INFO] - dawnera: 0.642
[13:37:11] [modloading-worker-0/INFO] - dawnera_delight: 0.0.1
[13:37:11] [modloading-worker-0/INFO] - deeperdarker: 1.3.3
[13:37:11] [modloading-worker-0/INFO] - dimthread: 1.2.1
[13:37:11] [modloading-worker-0/INFO] - distant_worlds: 1.1.1
[13:37:11] [modloading-worker-0/INFO] - do_a_barrel_roll: 3.5.6+1.20.1
[13:37:11] [modloading-worker-0/INFO] - doapi: 1.2.15
[13:37:11] [modloading-worker-0/INFO] - doggytalents: 1.18.64
[13:37:11] [modloading-worker-0/INFO] - doom: 7.0.13
[13:37:11] [modloading-worker-0/INFO] - dynamic_fps: 3.7.7
[13:37:11] [modloading-worker-0/INFO] - easy_villagers: 1.20.1-1.1.23
[13:37:11] [modloading-worker-0/INFO] - easyanvils: 8.0.2
[13:37:11] [modloading-worker-0/INFO] - elementalswords: 2.7.3-[FORGE]
[13:37:11] [modloading-worker-0/INFO] - elevatorid: 1.20.1-lex-1.9
[13:37:11] [modloading-worker-0/INFO] - elytraslot: 6.4.4+1.20.1
[13:37:11] [modloading-worker-0/INFO] - embeddium: 0.3.31+mc1.20.1
[13:37:11] [modloading-worker-0/INFO] - embeddium_extra: 0.5.4.4+mc1.20.1-build.131
[13:37:11] [modloading-worker-0/INFO] - enchantinginfuser: 8.0.3
[13:37:11] [modloading-worker-0/INFO] - enhancedcelestials: 1.20.1-5.0.2.3
[13:37:11] [modloading-worker-0/INFO] - fabric_api_base: 0.4.31+ef105b4977
[13:37:11] [modloading-worker-0/INFO] - fabric_data_attachment_api_v1: 1.0.0+30ef839e77
[13:37:11] [modloading-worker-0/INFO] - fabric_entity_events_v1: 1.6.0+6274ab9d77
[13:37:11] [modloading-worker-0/INFO] - fabric_object_builder_api_v1: 11.1.3+2174fc8477
[13:37:11] [modloading-worker-0/INFO] - faded_conquest_2: 1.3.0
[13:37:11] [modloading-worker-0/INFO] - fallingtree: 4.3.4
[13:37:11] [modloading-worker-0/INFO] - farmersdelight: 1.20.1-1.2.6
[13:37:11] [modloading-worker-0/INFO] - fastboot: 1.2
[13:37:11] [modloading-worker-0/INFO] - fastload: 3.4.0
[13:37:11] [modloading-worker-0/INFO] - fastsuite: 5.0.1
[13:37:11] [modloading-worker-0/INFO] - ferritecore: 6.0.1
[13:37:11] [modloading-worker-0/INFO] - final_samurai: 1.0.0
[13:37:11] [modloading-worker-0/INFO] - flywheel: 0.6.11-13
[13:37:11] [modloading-worker-0/INFO] - forge: 47.4.10
[13:37:11] [modloading-worker-0/INFO] - fpsreducer: 1.20-2.5
[13:37:11] [modloading-worker-0/INFO] - fromtheshadows: 2.8
[13:37:11] [modloading-worker-0/INFO] - fzzy_config: 0.6.2+1.20.1+forge
[13:37:11] [modloading-worker-0/INFO] - gamma_creatures: 1.1.0
[13:37:11] [modloading-worker-0/INFO] - geckolib: 4.8.3
[13:37:11] [modloading-worker-0/INFO] - genie_lamp: 1.0.1-1.20.1
[13:37:11] [modloading-worker-0/INFO] - glitchcore: 0.0.1.1
[13:37:11] [modloading-worker-0/INFO] - globalxp: 1.12
[13:37:11] [modloading-worker-0/INFO] - goety: 2.5.41.1
[13:37:11] [modloading-worker-0/INFO] - goetydelight: 1.1.1+20260105
[13:37:11] [modloading-worker-0/INFO] - good_nights_sleep: 1.3.1
[13:37:11] [modloading-worker-0/INFO] - gpumemleakfix: 1.20.1-1.8
[13:37:11] [modloading-worker-0/INFO] - gravestone: 1.20.1-1.0.24
[13:37:11] [modloading-worker-0/INFO] - gravestonecurioscompat: 2.0.2
[13:37:11] [modloading-worker-0/INFO] - guardvillagers: 1.20.1-1.6.10
[13:37:11] [modloading-worker-0/INFO] - heavy_storms: 0.8.0.forge
[13:37:11] [modloading-worker-0/INFO] - horseexpert: 8.1.1
[13:37:11] [modloading-worker-0/INFO] - icarus: 2.11.0
[13:37:11] [modloading-worker-0/INFO] - iceandfire: 2.1.13-1.20.1
[13:37:11] [modloading-worker-0/INFO] - iceberg: 1.1.25
[13:37:11] [modloading-worker-0/INFO] - illagerinvasion: 8.0.6
[13:37:11] [modloading-worker-0/INFO] - immediatelyfast: 1.3.3+1.20.4
[13:37:11] [modloading-worker-0/INFO] - immersiveengineering: 1.20.1-10.1.0-171
[13:37:11] [modloading-worker-0/INFO] - infinite_abyss: 1.8.5
[13:37:11] [modloading-worker-0/INFO] - inka: 1.0.0
[13:37:11] [modloading-worker-0/INFO] - insanelib: 1.16.1
[13:37:11] [modloading-worker-0/INFO] - integrated_api: 1.5.1+1.20.1-forge
[13:37:11] [modloading-worker-0/INFO] - inventoryhud: 3.4.26
[13:37:11] [modloading-worker-0/INFO] - ironchests: 5.0.2
[13:37:11] [modloading-worker-0/INFO] - jade: 11.12.2+forge
[13:37:11] [modloading-worker-0/INFO] - jadeite_mod: 0.6 Beta
[13:37:11] [modloading-worker-0/INFO] - journeymap: 5.10.3
[13:37:11] [modloading-worker-0/INFO] - justhammers: 2.0.3+mc1.20.1
[13:37:11] [modloading-worker-0/INFO] - kobolds: 2.12.0
[13:37:11] [modloading-worker-0/INFO] - kotlinforforge: 4.11.0
[13:37:11] [modloading-worker-0/INFO] - krypton: 0.2.3
[13:37:11] [modloading-worker-0/INFO] - kuma_api: 20.1.9-SNAPSHOT
[13:37:11] [modloading-worker-0/INFO] - l2damagetracker: 0.3.7
[13:37:11] [modloading-worker-0/INFO] - l2itemselector: 0.1.9
[13:37:11] [modloading-worker-0/INFO] - l2library: 2.4.31
[13:37:11] [modloading-worker-0/INFO] - l2screentracker: 0.1.4
[13:37:11] [modloading-worker-0/INFO] - l2tabs: 0.3.3
[13:37:11] [modloading-worker-0/INFO] - lategamegolems: 2.4.0.0
[13:37:11] [modloading-worker-0/INFO] - legendary_monsters: 1.20.1
[13:37:11] [modloading-worker-0/INFO] - legendreliclib: 1.2.12
[13:37:11] [modloading-worker-0/INFO] - library_of_exile: 1.5.8
[13:37:11] [modloading-worker-0/INFO] - lionfishapi: 2.4-Fix
[13:37:11] [modloading-worker-0/INFO] - lithostitched: 1.4
[13:37:11] [modloading-worker-0/INFO] - lodestone: 1.20.1-1.6.4.1
[13:37:11] [modloading-worker-0/INFO] - lucent: 1.5.5
[13:37:11] [modloading-worker-0/INFO] - macabre: 0.6.4
[13:37:11] [modloading-worker-0/INFO] - magnumtorch: 8.0.2
[13:37:11] [modloading-worker-0/INFO] - majruszlibrary: 7.0.8
[13:37:11] [modloading-worker-0/INFO] - majruszsdifficulty: 1.9.10
[13:37:11] [modloading-worker-0/INFO] - mantle: 1.11.36
[13:37:11] [modloading-worker-0/INFO] - memoryleakfix: 1.1.5
[13:37:11] [modloading-worker-0/INFO] - metalbundles: 8.0.2
[13:37:11] [modloading-worker-0/INFO] - midnight: 0.6.4
[13:37:11] [modloading-worker-0/INFO] - minecraft: 1.20.1
[13:37:11] [modloading-worker-0/INFO] - minionsremastered: 0.3.0
[13:37:11] [modloading-worker-0/INFO] - mixinsquared: 0.1.2-beta.6
[13:37:11] [modloading-worker-0/INFO] - moblassos: 8.0.1
[13:37:11] [modloading-worker-0/INFO] - modernfix: 5.20.0+mc1.20.1
[13:37:11] [modloading-worker-0/INFO] - modulargolems: 2.4.47
[13:37:11] [modloading-worker-0/INFO] - moonlight: 1.20-2.13.51
[13:37:11] [modloading-worker-0/INFO] - mousetweaks: 2.25.1
[13:37:11] [modloading-worker-0/INFO] - mowziesmobs: 1.6.4
[13:37:11] [modloading-worker-0/INFO] - mpekka: 0.3-1.20.1
[13:37:11] [modloading-worker-0/INFO] - mr_limesplatus_ending: 1-v1.1.0c
[13:37:11] [modloading-worker-0/INFO] - mr_tidal_towns: 1.3.4
[13:37:11] [modloading-worker-0/INFO] - mysticaloaktree: 1.20-1.11
[13:37:11] [modloading-worker-0/INFO] - mythical_weapons: 1.2.1
[13:37:11] [modloading-worker-0/INFO] - netherite_horse_armor: 1.20.1-1.0.4
[13:37:11] [modloading-worker-0/INFO] - nitrogen_internals: 1.20.1-1.0.12-neoforge
[13:37:11] [modloading-worker-0/INFO] - noisium: 2.3.0+mc1.20-1.20.1
[13:37:11] [modloading-worker-0/INFO] - octolib: 0.4.2
[13:37:11] [modloading-worker-0/INFO] - orbs_of_crafting: 1.0.0
[13:37:11] [modloading-worker-0/INFO] - particle_core: 0.2.5+1.20.1+forge
[13:37:11] [modloading-worker-0/INFO] - patchouli: 1.20.1-84-FORGE
[13:37:11] [modloading-worker-0/INFO] - pehkui: 3.8.2+1.20.1-forge
[13:37:11] [modloading-worker-0/INFO] - placebo: 8.6.2
[13:37:11] [modloading-worker-0/INFO] - playeranimator: 1.0.2-rc1+1.20
[13:37:11] [modloading-worker-0/INFO] - polymorph: 0.49.8+1.20.1
[13:37:11] [modloading-worker-0/INFO] - prehistoricexploration: 1.0.0
[13:37:11] [modloading-worker-0/INFO] - presencefootsteps: 1.20.1-1.9.1-beta.1
[13:37:11] [modloading-worker-0/INFO] - progressivebosses: 4.2.1-mc1.20.1
[13:37:11] [modloading-worker-0/INFO] - puzzlesaccessapi: 8.0.9
[13:37:11] [modloading-worker-0/INFO] - puzzlesapi: 8.1.6
[13:37:11] [modloading-worker-0/INFO] - puzzleslib: 8.1.25
[13:37:11] [modloading-worker-0/INFO] - quark: 4.0-460
[13:37:11] [modloading-worker-0/INFO] - quarkdelight: 1.0.0
[13:37:11] [modloading-worker-0/INFO] - radiantgear: 2.2.0+1.20.1
[13:37:11] [modloading-worker-0/INFO] - realmrpg_creep: 1.0.2
[13:37:11] [modloading-worker-0/INFO] - realmrpg_demons: 0.9.0
[13:37:11] [modloading-worker-0/INFO] - realmrpg_wyrms: 1.0.1
[13:37:11] [modloading-worker-0/INFO] - relics: 0.8.0.7
[13:37:11] [modloading-worker-0/INFO] - resourcefulconfig: 2.1.2
[13:37:11] [modloading-worker-0/INFO] - resourcefullib: 2.1.29
[13:37:11] [modloading-worker-0/INFO] - ringsofascension: 2.0.0
[13:37:11] [modloading-worker-0/INFO] - roughlyenoughitems: 12.1.785
[13:37:11] [modloading-worker-0/INFO] - rpgseteffects: 1.2.2
[13:37:11] [modloading-worker-0/INFO] - rubidium: 0.7.1
[13:37:11] [modloading-worker-0/INFO] - saintsdragons: 0.6.0
[13:37:11] [modloading-worker-0/INFO] - sandworm_mod: 1.1.1
[13:37:11] [modloading-worker-0/INFO] - seadwellers: 2.9.9
[13:37:11] [modloading-worker-0/INFO] - shinyhorses: 1.3
[13:37:11] [modloading-worker-0/INFO] - skyvillages: 1.0.4
[13:37:11] [modloading-worker-0/INFO] - smartbrainlib: 1.15
[13:37:11] [modloading-worker-0/INFO] - smoothboot: 0.0.4
[13:37:11] [modloading-worker-0/INFO] - sound_physics_remastered: 1.20.1-1.4.8
[13:37:11] [modloading-worker-0/INFO] - spark: 1.10.53
[13:37:11] [modloading-worker-0/INFO] - spectrelib: 0.13.17+1.20.1
[13:37:11] [modloading-worker-0/INFO] - spudiversity: 1.0.9
[13:37:11] [modloading-worker-0/INFO] - starcatcher: 2.2.1-FORGE-1.20.1
[13:37:11] [modloading-worker-0/INFO] - starlight: 1.1.2+forge.1cda73c
[13:37:11] [modloading-worker-0/INFO] - structory_towers: 1.0.7
[13:37:11] [modloading-worker-0/INFO] - structure_gel: 2.16.2
[13:37:11] [modloading-worker-0/INFO] - supermartijn642configlib: 1.1.8
[13:37:11] [modloading-worker-0/INFO] - supermartijn642corelib: 1.1.18
[13:37:11] [modloading-worker-0/INFO] - supplementaries: 1.20-3.1.11
[13:37:11] [modloading-worker-0/INFO] - tan__a_curios_expansion: 1.2.1
[13:37:11] [modloading-worker-0/INFO] - taxtg: 1.1.0
[13:37:11] [modloading-worker-0/INFO] - tconstruct: 3.9.1.19
[13:37:11] [modloading-worker-0/INFO] - terrablender: 3.0.1.7
[13:37:11] [modloading-worker-0/INFO] - terraform: 7.0.1
[13:37:11] [modloading-worker-0/INFO] - terralith: 2.5.4
[13:37:11] [modloading-worker-0/INFO] - tfms_mining_expansion: 1.4.0
[13:37:11] [modloading-worker-0/INFO] - thalassophobia: 1.0.0
[13:37:11] [modloading-worker-0/INFO] - the_afterdark: 1.0.3.1
[13:37:11] [modloading-worker-0/INFO] - theabyss: 1.0.0
[13:37:11] [modloading-worker-0/INFO] - theinkarena: 1.3.1
[13:37:11] [modloading-worker-0/INFO] - theorcs: 1.0-FORGE-1.20.x
[13:37:11] [modloading-worker-0/INFO] - threateningly_mobs: 1.0.9.82
[13:37:11] [modloading-worker-0/INFO] - tinymultiblocklib: 3.0
[13:37:11] [modloading-worker-0/INFO] - toughasnails: 9.2.0.171
[13:37:11] [modloading-worker-0/INFO] - trashcans: 1.0.18b
[13:37:11] [modloading-worker-0/INFO] - trashslot: 15.1.1
[13:37:11] [modloading-worker-0/INFO] - travelersbackpack: 9.1.16
[13:37:11] [modloading-worker-0/INFO] - travelerstitles: 1.20-Forge-4.0.2
[13:37:11] [modloading-worker-0/INFO] - treasuredistance: 1.20-1.2
[13:37:11] [modloading-worker-0/INFO] - tridot: 1.20.1-1.0.131
[13:37:11] [modloading-worker-0/INFO] - tropicraft: 9.6.3
[13:37:11] [modloading-worker-0/INFO] - twilightforest: 4.3.2508
[13:37:11] [modloading-worker-0/INFO] - under_the_moon: 1.0.5
[13:37:11] [modloading-worker-0/INFO] - undergarden: 0.8.14
[13:37:11] [modloading-worker-0/INFO] - underground_bunkers: 1.0.5
[13:37:11] [modloading-worker-0/INFO] - unearthed_journey: 2.0.1
[13:37:11] [modloading-worker-0/INFO] - valoria: 1.20.1-1.0.2.9
[13:37:11] [modloading-worker-0/INFO] - vinery: 1.4.37.1
[13:37:11] [modloading-worker-0/INFO] - voidscape: 1.20.1-1.5.389
[13:37:11] [modloading-worker-0/INFO] - wi_zoom: 1.5-MC1.20.1-Forge
[13:37:11] [modloading-worker-0/INFO] - yungsapi: 1.20-Forge-4.0.3
[13:37:11] [modloading-worker-0/INFO] - zeta: 1.0-24
[13:37:11] [modloading-worker-0/INFO] ========================================
[13:37:11] [modloading-worker-0/INFO] [REI] Registered plugin provider ReiCompat [travelersbackpack] for REIPlugin
[13:37:11] [modloading-worker-0/INFO] [REI] Registered plugin provider AetherREIServerPlugin [aether] for REIPlugin
[13:37:11] [modloading-worker-0/INFO] [REI] Registered plugin provider DefaultPluginImpl [roughlyenoughitems] for REIServerPlugin
[13:37:11] [modloading-worker-0/INFO] [REI] Registered plugin provider DefaultPluginImpl [roughlyenoughitems] for REIPlugin
[13:37:11] [modloading-worker-0/INFO] [REI] Registered plugin provider DefaultRuntimePlugin [roughlyenoughitems] for REIServerPlugin
[13:37:11] [modloading-worker-0/INFO] [REI] Registered plugin provider DefaultRuntimePlugin [roughlyenoughitems] for REIPlugin
[13:37:11] [modloading-worker-0/INFO] [REI] Registered plugin provider ReiCompat [travelersbackpack] for REIServerPlugin
[13:37:11] [modloading-worker-0/INFO] [REI] Registered plugin provider AetherREIServerPlugin [aether] for REIServerPlugin
